<?xml version="1.0" encoding="UTF-8"?>
<!-- Generated by org.testng.reporters.JUnitXMLReporter -->
<testsuite ignored="0" hostname="HCL-DevendraSingh" failures="0" tests="3" name="Sample test" time="11.504" errors="0" timestamp="2023-04-13T00:26:25 IST">
  <testcase classname="com.training.sanity.tests.MX_Player_Search" name="@BeforeClass setUp" time="11.178">
    <failure type="org.openqa.selenium.remote.http.ConnectionFailedException" message="Unable to establish websocket connection to http://localhost:59737/devtools/browser/7b2a98c0-0b4e-45b7-8fa1-a391677002c3
Build info: version: &amp;apos;4.8.1&amp;apos;, revision: &amp;apos;8ebccac989&amp;apos;
System info: os.name: &amp;apos;Windows 10&amp;apos;, os.arch: &amp;apos;amd64&amp;apos;, os.version: &amp;apos;10.0&amp;apos;, java.version: &amp;apos;20&amp;apos;
Driver info: driver.version: EdgeDriver">
      <![CDATA[org.openqa.selenium.remote.http.ConnectionFailedException: Unable to establish websocket connection to http://localhost:59737/devtools/browser/7b2a98c0-0b4e-45b7-8fa1-a391677002c3
Build info: version: '4.8.1', revision: '8ebccac989'
System info: os.name: 'Windows 10', os.arch: 'amd64', os.version: '10.0', java.version: '20'
Driver info: driver.version: EdgeDriver
at org.openqa.selenium.remote.http.netty.NettyWebSocket.<init>(NettyWebSocket.java:102)
at org.openqa.selenium.remote.http.netty.NettyWebSocket.lambda$create$3(NettyWebSocket.java:128)
at org.openqa.selenium.remote.http.netty.NettyClient.openSocket(NettyClient.java:107)
at org.openqa.selenium.devtools.Connection.<init>(Connection.java:78)
at org.openqa.selenium.chromium.ChromiumDriver.lambda$new$2(ChromiumDriver.java:116)
at java.base/java.util.Optional.map(Optional.java:260)
at org.openqa.selenium.chromium.ChromiumDriver.<init>(ChromiumDriver.java:114)
at org.openqa.selenium.edge.EdgeDriver.<init>(EdgeDriver.java:54)
at org.openqa.selenium.edge.EdgeDriver.<init>(EdgeDriver.java:46)
at org.openqa.selenium.edge.EdgeDriver.<init>(EdgeDriver.java:42)
at com.training.utility.DriverFactory.getDriver(DriverFactory.java:36)
at com.training.sanity.tests.MX_Player_Search.setUp(MX_Player_Search.java:32)
at java.base/java.util.ArrayList.forEach(ArrayList.java:1511)
... Removed 23 stack frames]]>
    </failure>
  </testcase> <!-- @BeforeClass setUp -->
  <testcase classname="com.training.sanity.tests.MX_Player_Search" name="testCategoriesDisplayed" time="0.0">
    <skipped/>
  </testcase> <!-- testCategoriesDisplayed -->
  <testcase classname="com.training.sanity.tests.MX_Player_Search" name="testSearchBar" time="0.0">
    <skipped/>
  </testcase> <!-- testSearchBar -->
  <testcase classname="com.training.sanity.tests.MX_Player_Search" name="testMicrophone" time="0.0">
    <skipped/>
  </testcase> <!-- testMicrophone -->
</testsuite> <!-- Sample test -->
